2018-03-16 09:15:07 [-][-][-][error][application] exception 'Exception' with message 'test' in /sample-php7/yii2/basic/commands/SampleController.php:34
Stack trace:
#0 [internal function]: app\commands\SampleController->actionIndex()
#1 /sample-php7/yii2/basic/vendor/yiisoft/yii2/base/InlineAction.php(57): call_user_func_array(Array, Array)
#2 /sample-php7/yii2/basic/vendor/yiisoft/yii2/base/Controller.php(157): yii\base\InlineAction->runWithParams(Array)
#3 /sample-php7/yii2/basic/vendor/yiisoft/yii2/console/Controller.php(148): yii\base\Controller->runAction('', Array)
#4 /sample-php7/yii2/basic/vendor/yiisoft/yii2/base/Module.php(528): yii\console\Controller->runAction('', Array)
#5 /sample-php7/yii2/basic/vendor/yiisoft/yii2/console/Application.php(180): yii\base\Module->runAction('sample', Array)
#6 /sample-php7/yii2/basic/vendor/yiisoft/yii2/console/Application.php(147): yii\console\Application->runAction('sample', Array)
#7 /sample-php7/yii2/basic/vendor/yiisoft/yii2/base/Application.php(386): yii\console\Application->handleRequest(Object(yii\console\Request))
#8 /sample-php7/yii2/basic/yii(20): yii\base\Application->run()
#9 {main}
2018-03-16 09:15:07 [-][-][-][info][application] $_GET = []

$_POST = []

$_FILES = []

$_COOKIE = []

$_SERVER = [
    'PHP_INI_DIR' => '/usr/local/etc/php'
    'HOSTNAME' => '78d13fc9f7e3'
    'SHLVL' => '1'
    'OLDPWD' => '/'
    'HOME' => '/root'
    'PHP_LDFLAGS' => '-Wl,-O1 -Wl,--hash-style=both -pie'
    'PHP_MD5' => ''
    'PHP_CFLAGS' => '-fstack-protector-strong -fpic -fpie -O2'
    'PHP_VERSION' => '5.6.34'
    'GPG_KEYS' => '0BD78B5F97500D450838F95DFE857D9A90D90EC1 6E4F6AB321FDC07F2C332E3AC2BF0BC433CFC8B3'
    'PHP_ASC_URL' => 'https://secure.php.net/get/php-5.6.34.tar.xz.asc/from/this/mirror'
    'PHP_CPPFLAGS' => '-fstack-protector-strong -fpic -fpie -O2'
    'PHP_URL' => 'https://secure.php.net/get/php-5.6.34.tar.xz/from/this/mirror'
    'TERM' => 'xterm'
    'PATH' => '/usr/local/sbin:/usr/local/bin:/usr/sbin:/usr/bin:/sbin:/bin'
    'PWD' => '/sample-php7'
    'PHPIZE_DEPS' => 'autoconf 		dpkg-dev dpkg 		file 		g++ 		gcc 		libc-dev 		make 		pkgconf 		re2c'
    'PHP_SHA256' => '21453be3a045204cd2717543ef42771324f411f40962ecda4fe841930a933128'
    'PHP_SELF' => 'yii2/basic/yii'
    'SCRIPT_NAME' => 'yii2/basic/yii'
    'SCRIPT_FILENAME' => 'yii2/basic/yii'
    'PATH_TRANSLATED' => 'yii2/basic/yii'
    'DOCUMENT_ROOT' => ''
    'REQUEST_TIME_FLOAT' => 1521191707.3958
    'REQUEST_TIME' => 1521191707
    'argv' => [
        0 => 'yii2/basic/yii'
        1 => 'sample'
    ]
    'argc' => 2
]
